<?xml version="1.0" encoding="UTF-8"?>
<testsuite name="com.charlie.admin.HelloControllerTest" tests="1" skipped="0" failures="0" errors="0" timestamp="2023-05-24T10:17:25" hostname="LeeuiMacBookPro" time="1.184">
  <properties/>
  <testcase name="hellodto()" classname="com.charlie.admin.HelloControllerTest" time="1.184"/>
  <system-out><![CDATA[19:17:22.828 [Test worker] INFO org.springframework.test.context.support.AnnotationConfigContextLoaderUtils -- Could not detect default configuration classes for test class [com.charlie.admin.HelloControllerTest]: HelloControllerTest does not declare any static, non-private, non-final, nested classes annotated with @Configuration.
19:17:23.021 [Test worker] INFO org.springframework.boot.test.context.SpringBootTestContextBootstrapper -- Found @SpringBootConfiguration com.charlie.admin.Application for test class com.charlie.admin.HelloControllerTest

  .   ____          _            __ _ _
 /\\ / ___'_ __ _ _(_)_ __  __ _ \ \ \ \
( ( )\___ | '_ | '_| | '_ \/ _` | \ \ \ \
 \\/  ___)| |_)| | | | | || (_| |  ) ) ) )
  '  |____| .__|_| |_|_| |_\__, | / / / /
 =========|_|==============|___/=/_/_/_/
 :: Spring Boot ::                (v3.1.0)

2023-05-24T19:17:23.534+09:00  INFO 37256 --- [    Test worker] com.charlie.admin.HelloControllerTest    : Starting HelloControllerTest using Java 17.0.5 with PID 37256 (started by lee in /Users/lee/Desktop/Spring/aws/SpringBoot_Web)
2023-05-24T19:17:23.536+09:00  INFO 37256 --- [    Test worker] com.charlie.admin.HelloControllerTest    : No active profile set, falling back to 1 default profile: "default"
2023-05-24T19:17:25.089+09:00  INFO 37256 --- [    Test worker] o.s.b.t.m.w.SpringBootMockServletContext : Initializing Spring TestDispatcherServlet ''
2023-05-24T19:17:25.090+09:00  INFO 37256 --- [    Test worker] o.s.t.web.servlet.TestDispatcherServlet  : Initializing Servlet ''
2023-05-24T19:17:25.104+09:00  INFO 37256 --- [    Test worker] o.s.t.web.servlet.TestDispatcherServlet  : Completed initialization in 9 ms
2023-05-24T19:17:25.149+09:00  INFO 37256 --- [    Test worker] com.charlie.admin.HelloControllerTest    : Started HelloControllerTest in 2.046 seconds (process running for 3.669)
]]></system-out>
  <system-err><![CDATA[]]></system-err>
</testsuite>
